0 info it worked if it ends with ok
1 verbose cli [ '/usr/bin/nodejs', '/usr/bin/npm', 'install', '-g', 'ruby' ]
2 info using npm@3.5.2
3 info using node@v4.2.6
4 silly loadCurrentTree Starting
5 silly install loadCurrentTree
6 silly install readGlobalPackageData
7 silly fetchPackageMetaData ruby
8 silly fetchNamedPackageData ruby
9 silly mapToRegistry name ruby
10 silly mapToRegistry using default registry
11 silly mapToRegistry registry https://registry.npmjs.org/
12 silly mapToRegistry uri https://registry.npmjs.org/ruby
13 verbose request uri https://registry.npmjs.org/ruby
14 verbose request no auth needed
15 info attempt registry request try #1 at 10:19:36 PM
16 verbose request id 51891eb31df6d853
17 http request GET https://registry.npmjs.org/ruby
18 http 200 https://registry.npmjs.org/ruby
19 verbose headers { server: 'nginx/1.10.1',
19 verbose headers   'content-type': 'application/json',
19 verbose headers   'last-modified': 'Mon, 23 May 2016 12:49:01 GMT',
19 verbose headers   etag: 'W/"5742fc3d-3f17"',
19 verbose headers   'content-encoding': 'gzip',
19 verbose headers   'cache-control': 'max-age=300',
19 verbose headers   'content-length': '2236',
19 verbose headers   'accept-ranges': 'bytes',
19 verbose headers   date: 'Wed, 22 Feb 2017 21:19:36 GMT',
19 verbose headers   via: '1.1 varnish',
19 verbose headers   age: '0',
19 verbose headers   connection: 'keep-alive',
19 verbose headers   'x-served-by': 'cache-ams4125-AMS',
19 verbose headers   'x-cache': 'HIT',
19 verbose headers   'x-cache-hits': '1',
19 verbose headers   'x-timer': 'S1487798376.866163,VS0,VE6',
19 verbose headers   vary: 'Accept-Encoding' }
20 silly get cb [ 200,
20 silly get   { server: 'nginx/1.10.1',
20 silly get     'content-type': 'application/json',
20 silly get     'last-modified': 'Mon, 23 May 2016 12:49:01 GMT',
20 silly get     etag: 'W/"5742fc3d-3f17"',
20 silly get     'content-encoding': 'gzip',
20 silly get     'cache-control': 'max-age=300',
20 silly get     'content-length': '2236',
20 silly get     'accept-ranges': 'bytes',
20 silly get     date: 'Wed, 22 Feb 2017 21:19:36 GMT',
20 silly get     via: '1.1 varnish',
20 silly get     age: '0',
20 silly get     connection: 'keep-alive',
20 silly get     'x-served-by': 'cache-ams4125-AMS',
20 silly get     'x-cache': 'HIT',
20 silly get     'x-cache-hits': '1',
20 silly get     'x-timer': 'S1487798376.866163,VS0,VE6',
20 silly get     vary: 'Accept-Encoding' } ]
21 verbose get saving ruby to /home/luki/.npm/registry.npmjs.org/ruby/.cache.json
22 silly install normalizeTree
23 silly loadCurrentTree Finishing
24 silly loadIdealTree Starting
25 silly install loadIdealTree
26 silly cloneCurrentTree Starting
27 silly install cloneCurrentTreeToIdealTree
28 silly cloneCurrentTree Finishing
29 silly loadShrinkwrap Starting
30 silly install loadShrinkwrap
31 silly loadShrinkwrap Finishing
32 silly loadAllDepsIntoIdealTree Starting
33 silly install loadAllDepsIntoIdealTree
34 silly resolveWithNewModule ruby@0.6.1 checking installable status
35 silly cache add args [ 'ruby', null ]
36 verbose cache add spec ruby
37 silly cache add parsed spec Result {
37 silly cache add   raw: 'ruby',
37 silly cache add   scope: null,
37 silly cache add   name: 'ruby',
37 silly cache add   rawSpec: '',
37 silly cache add   spec: 'latest',
37 silly cache add   type: 'tag' }
38 silly addNamed ruby@latest
39 verbose addNamed "latest" is being treated as a dist-tag for ruby
40 info addNameTag [ 'ruby', 'latest' ]
41 silly mapToRegistry name ruby
42 silly mapToRegistry using default registry
43 silly mapToRegistry registry https://registry.npmjs.org/
44 silly mapToRegistry uri https://registry.npmjs.org/ruby
45 verbose addNameTag registry:https://registry.npmjs.org/ruby not in flight; fetching
46 verbose get https://registry.npmjs.org/ruby not expired, no request
47 silly addNameTag next cb for ruby with tag latest
48 silly addNamed ruby@0.6.1
49 verbose addNamed "0.6.1" is a plain semver version for ruby
50 silly mapToRegistry name ruby
51 silly mapToRegistry using default registry
52 silly mapToRegistry registry https://registry.npmjs.org/
53 silly mapToRegistry uri https://registry.npmjs.org/ruby
54 verbose addRemoteTarball https://registry.npmjs.org/ruby/-/ruby-0.6.1.tgz not in flight; adding
55 verbose addRemoteTarball [ 'https://registry.npmjs.org/ruby/-/ruby-0.6.1.tgz',
55 verbose addRemoteTarball   'b3fee5787e4f9c0d5814d6166a5b5dbcfb24ba35' ]
56 info retry fetch attempt 1 at 10:19:37 PM
57 info attempt registry request try #1 at 10:19:37 PM
58 http fetch GET https://registry.npmjs.org/ruby/-/ruby-0.6.1.tgz
59 http fetch 200 https://registry.npmjs.org/ruby/-/ruby-0.6.1.tgz
60 silly fetchAndShaCheck shasum b3fee5787e4f9c0d5814d6166a5b5dbcfb24ba35
61 verbose addTmpTarball /tmp/npm-32639-2c924cdc/registry.npmjs.org/ruby/-/ruby-0.6.1.tgz not in flight; adding
62 verbose addTmpTarball already have metadata; skipping unpack for ruby@0.6.1
63 silly cache afterAdd ruby@0.6.1
64 verbose afterAdd /home/luki/.npm/ruby/0.6.1/package/package.json not in flight; writing
65 verbose afterAdd /home/luki/.npm/ruby/0.6.1/package/package.json written
66 silly fetchNamedPackageData lodash
67 silly mapToRegistry name lodash
68 silly mapToRegistry using default registry
69 silly mapToRegistry registry https://registry.npmjs.org/
70 silly mapToRegistry uri https://registry.npmjs.org/lodash
71 verbose request uri https://registry.npmjs.org/lodash
72 verbose request no auth needed
73 info attempt registry request try #1 at 10:19:37 PM
74 verbose etag W/"58ad7d2e-28f8a"
75 verbose lastModified Wed, 22 Feb 2017 11:59:42 GMT
76 http request GET https://registry.npmjs.org/lodash
77 http 304 https://registry.npmjs.org/lodash
78 verbose headers { date: 'Wed, 22 Feb 2017 21:19:37 GMT',
78 verbose headers   via: '1.1 varnish',
78 verbose headers   'cache-control': 'max-age=300',
78 verbose headers   etag: 'W/"58ad7d2e-28f8a"',
78 verbose headers   age: '235',
78 verbose headers   connection: 'keep-alive',
78 verbose headers   'x-served-by': 'cache-ams4439-AMS',
78 verbose headers   'x-cache': 'HIT',
78 verbose headers   'x-cache-hits': '11',
78 verbose headers   'x-timer': 'S1487798377.611000,VS0,VE0',
78 verbose headers   vary: 'Accept-Encoding' }
79 silly get cb [ 304,
79 silly get   { date: 'Wed, 22 Feb 2017 21:19:37 GMT',
79 silly get     via: '1.1 varnish',
79 silly get     'cache-control': 'max-age=300',
79 silly get     etag: 'W/"58ad7d2e-28f8a"',
79 silly get     age: '235',
79 silly get     connection: 'keep-alive',
79 silly get     'x-served-by': 'cache-ams4439-AMS',
79 silly get     'x-cache': 'HIT',
79 silly get     'x-cache-hits': '11',
79 silly get     'x-timer': 'S1487798377.611000,VS0,VE0',
79 silly get     vary: 'Accept-Encoding' } ]
80 verbose etag https://registry.npmjs.org/lodash from cache
81 verbose get saving lodash to /home/luki/.npm/registry.npmjs.org/lodash/.cache.json
82 silly resolveWithNewModule lodash@4.17.4 checking installable status
83 silly cache add args [ 'lodash@^4.13.0', null ]
84 verbose cache add spec lodash@^4.13.0
85 silly cache add parsed spec Result {
85 silly cache add   raw: 'lodash@^4.13.0',
85 silly cache add   scope: null,
85 silly cache add   name: 'lodash',
85 silly cache add   rawSpec: '^4.13.0',
85 silly cache add   spec: '>=4.13.0 <5.0.0',
85 silly cache add   type: 'range' }
86 silly addNamed lodash@>=4.13.0 <5.0.0
87 verbose addNamed ">=4.13.0 <5.0.0" is a valid semver range for lodash
88 silly addNameRange { name: 'lodash', range: '>=4.13.0 <5.0.0', hasData: false }
89 silly mapToRegistry name lodash
90 silly mapToRegistry using default registry
91 silly mapToRegistry registry https://registry.npmjs.org/
92 silly mapToRegistry uri https://registry.npmjs.org/lodash
93 verbose addNameRange registry:https://registry.npmjs.org/lodash not in flight; fetching
94 verbose get https://registry.npmjs.org/lodash not expired, no request
95 silly addNameRange number 2 { name: 'lodash', range: '>=4.13.0 <5.0.0', hasData: true }
96 silly addNameRange versions [ 'lodash',
96 silly addNameRange   [ '0.1.0',
96 silly addNameRange     '0.2.0',
96 silly addNameRange     '0.2.1',
96 silly addNameRange     '0.2.2',
96 silly addNameRange     '0.3.0',
96 silly addNameRange     '0.3.1',
96 silly addNameRange     '0.3.2',
96 silly addNameRange     '0.4.0',
96 silly addNameRange     '0.4.1',
96 silly addNameRange     '0.4.2',
96 silly addNameRange     '0.5.0-rc.1',
96 silly addNameRange     '0.5.0',
96 silly addNameRange     '0.5.1',
96 silly addNameRange     '0.5.2',
96 silly addNameRange     '0.6.0',
96 silly addNameRange     '0.6.1',
96 silly addNameRange     '0.7.0',
96 silly addNameRange     '0.8.0',
96 silly addNameRange     '0.8.1',
96 silly addNameRange     '0.8.2',
96 silly addNameRange     '0.9.0',
96 silly addNameRange     '0.9.1',
96 silly addNameRange     '0.9.2',
96 silly addNameRange     '0.10.0',
96 silly addNameRange     '1.0.0-rc.1',
96 silly addNameRange     '1.0.0-rc.2',
96 silly addNameRange     '1.0.0-rc.3',
96 silly addNameRange     '1.0.0',
96 silly addNameRange     '1.0.1',
96 silly addNameRange     '1.1.0',
96 silly addNameRange     '1.1.1',
96 silly addNameRange     '1.2.0',
96 silly addNameRange     '1.2.1',
96 silly addNameRange     '1.3.0',
96 silly addNameRange     '1.3.1',
96 silly addNameRange     '2.0.0',
96 silly addNameRange     '2.1.0',
96 silly addNameRange     '2.2.0',
96 silly addNameRange     '2.2.1',
96 silly addNameRange     '2.3.0',
96 silly addNameRange     '2.4.0',
96 silly addNameRange     '2.4.1',
96 silly addNameRange     '3.0.0',
96 silly addNameRange     '3.0.1',
96 silly addNameRange     '3.1.0',
96 silly addNameRange     '3.2.0',
96 silly addNameRange     '3.3.0',
96 silly addNameRange     '3.3.1',
96 silly addNameRange     '3.4.0',
96 silly addNameRange     '3.5.0',
96 silly addNameRange     '3.6.0',
96 silly addNameRange     '1.0.2',
96 silly addNameRange     '3.7.0',
96 silly addNameRange     '2.4.2',
96 silly addNameRange     '3.8.0',
96 silly addNameRange     '3.9.0',
96 silly addNameRange     '3.9.1',
96 silly addNameRange     '3.9.2',
96 silly addNameRange     '3.9.3',
96 silly addNameRange     '3.10.0',
96 silly addNameRange     '3.10.1',
96 silly addNameRange     '4.0.0',
96 silly addNameRange     '4.0.1',
96 silly addNameRange     '4.1.0',
96 silly addNameRange     '4.2.0',
96 silly addNameRange     '4.2.1',
96 silly addNameRange     '4.3.0',
96 silly addNameRange     '4.4.0',
96 silly addNameRange     '4.5.0',
96 silly addNameRange     '4.5.1',
96 silly addNameRange     '4.6.0',
96 silly addNameRange     '4.6.1',
96 silly addNameRange     '4.7.0',
96 silly addNameRange     '4.8.0',
96 silly addNameRange     '4.8.1',
96 silly addNameRange     '4.8.2',
96 silly addNameRange     '4.9.0',
96 silly addNameRange     '4.10.0',
96 silly addNameRange     '4.11.0',
96 silly addNameRange     '4.11.1',
96 silly addNameRange     '4.11.2',
96 silly addNameRange     '4.12.0',
96 silly addNameRange     '4.13.0',
96 silly addNameRange     '4.13.1',
96 silly addNameRange     '4.14.0',
96 silly addNameRange     '4.14.1',
96 silly addNameRange     '4.14.2',
96 silly addNameRange     '4.15.0',
96 silly addNameRange     '4.16.0',
96 silly addNameRange     '4.16.1',
96 silly addNameRange     '4.16.2',
96 silly addNameRange     '4.16.3',
96 silly addNameRange     '4.16.4',
96 silly addNameRange     '4.16.5',
96 silly addNameRange     '4.16.6',
96 silly addNameRange     '4.17.0',
96 silly addNameRange     '4.17.1',
96 silly addNameRange     '4.17.2',
96 silly addNameRange     '4.17.3',
96 silly addNameRange     '4.17.4' ] ]
97 silly addNamed lodash@4.17.4
98 verbose addNamed "4.17.4" is a plain semver version for lodash
99 silly mapToRegistry name lodash
100 silly mapToRegistry using default registry
101 silly mapToRegistry registry https://registry.npmjs.org/
102 silly mapToRegistry uri https://registry.npmjs.org/lodash
103 verbose addRemoteTarball https://registry.npmjs.org/lodash/-/lodash-4.17.4.tgz not in flight; adding
104 verbose addRemoteTarball [ 'https://registry.npmjs.org/lodash/-/lodash-4.17.4.tgz',
104 verbose addRemoteTarball   '78203a4d1c328ae1d86dca6460e369b57f4055ae' ]
105 info retry fetch attempt 1 at 10:19:37 PM
106 info attempt registry request try #1 at 10:19:37 PM
107 http fetch GET https://registry.npmjs.org/lodash/-/lodash-4.17.4.tgz
108 http fetch 200 https://registry.npmjs.org/lodash/-/lodash-4.17.4.tgz
109 silly fetchAndShaCheck shasum 78203a4d1c328ae1d86dca6460e369b57f4055ae
110 verbose addTmpTarball /tmp/npm-32639-2c924cdc/registry.npmjs.org/lodash/-/lodash-4.17.4.tgz not in flight; adding
111 verbose addTmpTarball already have metadata; skipping unpack for lodash@4.17.4
112 silly cache afterAdd lodash@4.17.4
113 verbose afterAdd /home/luki/.npm/lodash/4.17.4/package/package.json not in flight; writing
114 verbose afterAdd /home/luki/.npm/lodash/4.17.4/package/package.json written
115 silly loadAllDepsIntoIdealTree Finishing
116 silly idealTree:prePrune lib
116 silly idealTree:prePrune └─┬ ruby@0.6.1
116 silly idealTree:prePrune   └── lodash@4.17.4
117 silly loadIdealTree Finishing
118 silly currentTree lib
119 silly idealTree lib
119 silly idealTree └─┬ ruby@0.6.1
119 silly idealTree   └── lodash@4.17.4
120 silly generateActionsToTake Starting
121 silly install generateActionsToTake
122 warn checkPermissions Missing write access to /usr/local/lib/node_modules
123 silly rollbackFailedOptional Starting
124 silly rollbackFailedOptional Finishing
125 silly runTopLevelLifecycles Starting
126 silly runTopLevelLifecycles Finishing
127 silly install printInstalled
128 verbose stack Error: EACCES: permission denied, access '/usr/local/lib/node_modules'
128 verbose stack     at Error (native)
129 verbose cwd /home/luki/project/vertex
130 error Linux 4.8.0-39-generic
131 error argv "/usr/bin/nodejs" "/usr/bin/npm" "install" "-g" "ruby"
132 error node v4.2.6
133 error npm  v3.5.2
134 error path /usr/local/lib/node_modules
135 error code EACCES
136 error errno -13
137 error syscall access
138 error Error: EACCES: permission denied, access '/usr/local/lib/node_modules'
138 error     at Error (native)
138 error  { [Error: EACCES: permission denied, access '/usr/local/lib/node_modules']
138 error   errno: -13,
138 error   code: 'EACCES',
138 error   syscall: 'access',
138 error   path: '/usr/local/lib/node_modules' }
139 error Please try running this command again as root/Administrator.
140 verbose exit [ -13, true ]
